2023-01-18 19:30:15,277 - Automation_framework1 -INFO - Open ecommerce URL
2023-01-18 19:30:15,326 - Automation_framework1 -INFO - Enter Email of user
2023-01-18 19:30:15,499 - Automation_framework1 -INFO - Enter Password of user
2023-01-18 21:51:37,797 - 30JulyEcommerce -INFO - Open ecommerce URL
2023-01-18 21:51:37,843 - 30JulyEcommerce -INFO - Enter Email of user
2023-01-18 21:51:38,019 - 30JulyEcommerce -INFO - Enter Password of user
2023-01-18 21:51:38,160 - 30JulyEcommerce -INFO - Click on Login Button
2023-01-19 06:25:20,300 - 30JulyEcommerce -INFO - Open ecommerce URL
2023-01-19 06:25:20,372 - 30JulyEcommerce -INFO - Enter Email of user
2023-01-19 06:25:20,554 - 30JulyEcommerce -INFO - Enter Password of user
2023-01-19 06:25:20,718 - 30JulyEcommerce -INFO - Click on Login Button
2023-01-19 06:28:05,667 - 30JulyEcommerce -INFO - Open ecommerce URL
2023-01-19 06:28:05,715 - 30JulyEcommerce -INFO - Enter Email of user
2023-01-19 06:28:05,855 - 30JulyEcommerce -INFO - Enter Password of user
2023-01-19 06:28:06,023 - 30JulyEcommerce -INFO - Click on Login Button
2023-01-19 06:30:14,199 - 30JulyEcommerce -INFO - Open ecommerce URL
2023-01-19 06:30:14,260 - 30JulyEcommerce -INFO - Enter Email of user
2023-01-19 06:30:14,387 - 30JulyEcommerce -INFO - Enter Password of user
2023-01-19 06:30:14,524 - 30JulyEcommerce -INFO - Click on Login Button
2023-01-19 06:30:54,501 - 30JulyEcommerce -INFO - Open ecommerce URL
2023-01-19 06:30:54,549 - 30JulyEcommerce -INFO - Enter Email of user
2023-01-19 06:30:54,719 - 30JulyEcommerce -INFO - Enter Password of user
2023-01-19 06:30:54,885 - 30JulyEcommerce -INFO - Click on Login Button
2023-01-19 07:12:33,014 - 30JulyEcommerce -INFO - Open ecommerce URL
2023-01-19 07:12:33,066 - 30JulyEcommerce -INFO - Enter Email of user
2023-01-19 07:13:29,004 - 30JulyEcommerce -INFO - Open ecommerce URL
2023-01-19 07:13:29,059 - 30JulyEcommerce -INFO - Enter Email of user
2023-01-19 07:16:37,665 - 30JulyEcommerce -INFO - Open ecommerce URL
2023-01-19 07:16:37,738 - 30JulyEcommerce -INFO - Enter Email of user
2023-01-19 07:36:08,073 - 30JulyEcommerce -INFO - Open ecommerce URL
2023-01-19 07:36:08,141 - 30JulyEcommerce -INFO - Enter Email of user
2023-01-19 07:37:43,093 - 30JulyEcommerce -INFO - Open ecommerce URL
2023-01-19 07:37:43,148 - 30JulyEcommerce -INFO - Enter Email of user
2023-01-19 07:41:01,524 - 30JulyEcommerce -INFO - Open ecommerce URL
2023-01-19 07:41:01,595 - 30JulyEcommerce -INFO - Enter Email of user
2023-01-19 07:41:01,803 - 30JulyEcommerce -INFO - Enter Password of user
2023-01-19 07:41:01,987 - 30JulyEcommerce -INFO - Click on Login Button
2023-01-19 20:17:12,303 - 30JulyEcommerce -INFO - Open ecommerce URL
2023-01-19 20:17:12,364 - 30JulyEcommerce -INFO - Enter Email of user
2023-01-19 20:17:12,588 - 30JulyEcommerce -INFO - Enter Password of user
2023-01-19 20:17:12,781 - 30JulyEcommerce -INFO - Click on Login Button
2023-01-19 21:08:45,749 - 30JulyEcommerce -INFO - Open ecommerce URL
2023-01-19 21:08:45,800 - 30JulyEcommerce -INFO - Enter Email of user
2023-01-19 21:08:45,967 - 30JulyEcommerce -INFO - Enter Password of user
2023-01-19 21:08:46,129 - 30JulyEcommerce -INFO - Click on Login Button
2023-01-19 21:12:56,829 - 30JulyEcommerce -INFO - Open ecommerce URL
2023-01-19 21:12:56,880 - 30JulyEcommerce -INFO - Enter Email of user
2023-01-19 21:12:57,055 - 30JulyEcommerce -INFO - Enter Password of user
2023-01-19 21:12:57,235 - 30JulyEcommerce -INFO - Click on Login Button
2023-01-22 19:48:16,698 - 30JulyEcommerce -INFO - Open ecommerce URL
2023-01-22 19:48:16,784 - 30JulyEcommerce -INFO - Enter Email of user
2023-01-22 19:48:16,948 - 30JulyEcommerce -INFO - Enter Password of user
2023-01-22 19:48:17,125 - 30JulyEcommerce -INFO - Click on Login Button
2023-01-22 19:48:43,005 - 30JulyEcommerce -INFO - Login Successful
2023-01-22 19:48:43,011 - 30JulyEcommerce -INFO - Enter text
2023-01-22 19:48:43,151 - 30JulyEcommerce -INFO - Click on search button
2023-01-22 19:53:56,078 - 30JulyEcommerce -INFO - Open ecommerce URL
2023-01-22 19:53:56,121 - 30JulyEcommerce -INFO - Enter Email of user
2023-01-22 19:53:56,289 - 30JulyEcommerce -INFO - Enter Password of user
2023-01-22 19:53:56,456 - 30JulyEcommerce -INFO - Click on Login Button
2023-01-22 19:54:12,345 - 30JulyEcommerce -INFO - Login Successful
2023-01-22 19:54:12,350 - 30JulyEcommerce -INFO - Enter text
2023-01-22 19:54:12,512 - 30JulyEcommerce -INFO - Click on search button
2023-01-25 20:58:12,687 - 30JulyEcommerce -INFO - Open ecommerce URL
2023-01-25 20:58:12,751 - 30JulyEcommerce -INFO - Enter Email of user
2023-01-25 20:58:13,036 - 30JulyEcommerce -INFO - Enter Password of user
2023-01-25 20:58:13,254 - 30JulyEcommerce -INFO - Click on Login Button
2023-01-26 11:43:19,042 - 30JulyEcommerce -INFO - Open ecommerce URL
2023-01-26 11:43:19,101 - 30JulyEcommerce -INFO - Enter Email of user
2023-01-26 11:43:19,273 - 30JulyEcommerce -INFO - Enter Password of user
2023-01-26 11:43:19,451 - 30JulyEcommerce -INFO - Click on Login Button
2023-01-26 11:43:28,359 - 30JulyEcommerce -INFO - Open ecommerce URL
2023-01-26 11:43:28,363 - 30JulyEcommerce -INFO - Enter Email of user
2023-01-26 11:43:28,537 - 30JulyEcommerce -INFO - Enter Password of user
2023-01-26 11:43:28,707 - 30JulyEcommerce -INFO - Click on Login Button
